2026-05-19 15:11:18 - odp_platform - INFO     - logging_utils.py:139 - get_logger - ============================================================
2026-05-19 15:11:18 - odp_platform - INFO     - logging_utils.py:140 - get_logger - 日志系统初始化完成
2026-05-19 15:11:18 - odp_platform - INFO     - logging_utils.py:141 - get_logger - 运行环境: Linux 6.17.0-29-generic
2026-05-19 15:11:18 - odp_platform - INFO     - logging_utils.py:142 - get_logger - 阶段类型: init_project
2026-05-19 15:11:18 - odp_platform - INFO     - logging_utils.py:143 - get_logger - 日志文件: /home/siwuxie/Projects/ODPlatform/apps/platform/logging/init_project/init-project_20260519-151118-16211.log
2026-05-19 15:11:18 - odp_platform - INFO     - logging_utils.py:144 - get_logger - 日志级别: INFO
2026-05-19 15:11:18 - odp_platform - INFO     - logging_utils.py:145 - get_logger - 模型名称: 无
2026-05-19 15:11:18 - odp_platform - INFO     - logging_utils.py:146 - get_logger - ============================================================
2026-05-19 15:11:18 - odp_platform.cli.init_project - INFO     - init_project.py:62 - initialize_project - ========================开始初始化项目核心目录=========================
2026-05-19 15:11:18 - odp_platform.cli.init_project - INFO     - init_project.py:63 - initialize_project - 项目的根目录: /home/siwuxie/Projects/ODPlatform
2026-05-19 15:11:18 - odp_platform.cli.init_project - INFO     - init_project.py:71 - initialize_project - 目录已经存在: data
2026-05-19 15:11:18 - odp_platform.cli.init_project - INFO     - init_project.py:71 - initialize_project - 目录已经存在: models
2026-05-19 15:11:18 - odp_platform.cli.init_project - INFO     - init_project.py:71 - initialize_project - 目录已经存在: runs
2026-05-19 15:11:18 - odp_platform.cli.init_project - INFO     - init_project.py:71 - initialize_project - 目录已经存在: models/pretrained
2026-05-19 15:11:18 - odp_platform.cli.init_project - INFO     - init_project.py:71 - initialize_project - 目录已经存在: models/checkpoints
2026-05-19 15:11:18 - odp_platform.cli.init_project - INFO     - init_project.py:71 - initialize_project - 目录已经存在: data/raw
2026-05-19 15:11:18 - odp_platform.cli.init_project - INFO     - init_project.py:71 - initialize_project - 目录已经存在: data/train/images
2026-05-19 15:11:18 - odp_platform.cli.init_project - INFO     - init_project.py:71 - initialize_project - 目录已经存在: data/test/images
2026-05-19 15:11:18 - odp_platform.cli.init_project - INFO     - init_project.py:71 - initialize_project - 目录已经存在: data/valid/images
2026-05-19 15:11:18 - odp_platform.cli.init_project - INFO     - init_project.py:71 - initialize_project - 目录已经存在: data/train/labels
2026-05-19 15:11:18 - odp_platform.cli.init_project - INFO     - init_project.py:71 - initialize_project - 目录已经存在: data/test/labels
2026-05-19 15:11:18 - odp_platform.cli.init_project - INFO     - init_project.py:71 - initialize_project - 目录已经存在: data/valid/labels
2026-05-19 15:11:18 - odp_platform.cli.init_project - INFO     - init_project.py:71 - initialize_project - 目录已经存在: apps/platform/configs
2026-05-19 15:11:18 - odp_platform.cli.init_project - INFO     - init_project.py:71 - initialize_project - 目录已经存在: apps/platform/logging
2026-05-19 15:11:18 - odp_platform.cli.init_project - INFO     - init_project.py:71 - initialize_project - 目录已经存在: apps/platform/tests
2026-05-19 15:11:18 - odp_platform.cli.init_project - INFO     - init_project.py:71 - initialize_project - 目录已经存在: scripts
2026-05-19 15:11:18 - odp_platform.cli.init_project - INFO     - init_project.py:71 - initialize_project - 目录已经存在: docs
2026-05-19 15:11:18 - odp_platform.cli.init_project - INFO     - init_project.py:84 - initialize_project - ========================检查原始数据集目录状态=========================
2026-05-19 15:11:18 - odp_platform.cli.init_project - INFO     - init_project.py:41 - _check_raw_data_status - 原始数据根目录下有 1 个数据集文件夹
2026-05-19 15:11:18 - odp_platform.cli.init_project - INFO     - init_project.py:89 - initialize_project - ========================项目核心目录初始化完成=========================
2026-05-19 15:11:18 - odp_platform.cli.init_project - INFO     - init_project.py:92 - initialize_project - 目录                                   状态
2026-05-19 15:11:18 - odp_platform.cli.init_project - INFO     - init_project.py:93 - initialize_project - -------------------------------------------
2026-05-19 15:11:18 - odp_platform.cli.init_project - INFO     - init_project.py:98 - initialize_project - data                                 已存在
2026-05-19 15:11:18 - odp_platform.cli.init_project - INFO     - init_project.py:98 - initialize_project - models                               已存在
2026-05-19 15:11:18 - odp_platform.cli.init_project - INFO     - init_project.py:98 - initialize_project - runs                                 已存在
2026-05-19 15:11:18 - odp_platform.cli.init_project - INFO     - init_project.py:98 - initialize_project - models/pretrained                    已存在
2026-05-19 15:11:18 - odp_platform.cli.init_project - INFO     - init_project.py:98 - initialize_project - models/checkpoints                   已存在
2026-05-19 15:11:18 - odp_platform.cli.init_project - INFO     - init_project.py:98 - initialize_project - data/raw                             已存在
2026-05-19 15:11:18 - odp_platform.cli.init_project - INFO     - init_project.py:98 - initialize_project - data/train/images                    已存在
2026-05-19 15:11:18 - odp_platform.cli.init_project - INFO     - init_project.py:98 - initialize_project - data/test/images                     已存在
2026-05-19 15:11:18 - odp_platform.cli.init_project - INFO     - init_project.py:98 - initialize_project - data/valid/images                    已存在
2026-05-19 15:11:18 - odp_platform.cli.init_project - INFO     - init_project.py:98 - initialize_project - data/train/labels                    已存在
2026-05-19 15:11:18 - odp_platform.cli.init_project - INFO     - init_project.py:98 - initialize_project - data/test/labels                     已存在
2026-05-19 15:11:18 - odp_platform.cli.init_project - INFO     - init_project.py:98 - initialize_project - data/valid/labels                    已存在
2026-05-19 15:11:18 - odp_platform.cli.init_project - INFO     - init_project.py:98 - initialize_project - apps/platform/configs                已存在
2026-05-19 15:11:18 - odp_platform.cli.init_project - INFO     - init_project.py:98 - initialize_project - apps/platform/logging                已存在
2026-05-19 15:11:18 - odp_platform.cli.init_project - INFO     - init_project.py:98 - initialize_project - apps/platform/tests                  已存在
2026-05-19 15:11:18 - odp_platform.cli.init_project - INFO     - init_project.py:98 - initialize_project - scripts                              已存在
2026-05-19 15:11:18 - odp_platform.cli.init_project - INFO     - init_project.py:98 - initialize_project - docs                                 已存在
2026-05-19 15:11:18 - odp_platform.cli.init_project - INFO     - init_project.py:100 - initialize_project - ============================================================
2026-05-19 15:11:18 - odp_platform.cli.init_project - INFO     - performance_utils.py:65 - wrapper - 性能报告: [项目初始化] 执行耗时 4.091 毫秒
